# JRE version: OpenJDK Runtime Environment Temurin-21.0.7+6 (21.0.7+6) (build 21.0.7+6-LTS)
# Java VM: OpenJDK 64-Bit Server VM Temurin-21.0.7+6 (21.0.7+6-LTS, mixed mode, sharing, tiered, compressed oops, compressed class ptrs, g1 gc, windows-amd64)
GC Precious Log:
 CardTable entry size: 512
 Card Set container configuration: InlinePtr #cards 5 size 8 Array Of Cards #cards 12 size 40 Howl #buckets 4 coarsen threshold 1843 Howl Bitmap #cards 512 size 80 coarsen threshold 460 Card regions per heap region 1 cards per card region 2048
 CPUs: 4 total, 4 available
 Memory: 7918M
 Large Page Support: Disabled
 NUMA Support: Disabled
 Compressed Oops: Enabled (32-bit)
 Heap Region Size: 1M
 Heap Min Capacity: 8M
 Heap Initial Capacity: 124M
 Heap Max Capacity: 1980M
 Pre-touch: Disabled
 Parallel Workers: 4
 Concurrent Workers: 1
 Concurrent Refinement Workers: 4
 Periodic GC: Disabled
Heap:
 garbage-first heap   total 155648K, used 94496K [0x0000000084400000, 0x0000000100000000)
  region size 1024K, 50 young (51200K), 3 survivors (3072K)
 Metaspace       used 38629K, committed 39168K, reserved 1114112K
  class space    used 4434K, committed 4672K, reserved 1048576K
GC Heap History (20 events):
Event: 122.493 GC heap before
{Heap before GC invocations=13 (full 0):
 garbage-first heap   total 55296K, used 43027K [0x0000000084400000, 0x0000000100000000)
  region size 1024K, 24 young (24576K), 3 survivors (3072K)
 Metaspace       used 37660K, committed 38208K, reserved 1114112K
  class space    used 4417K, committed 4672K, reserved 1048576K
}
Event: 122.499 GC heap after
{Heap after GC invocations=14 (full 0):
 garbage-first heap   total 55296K, used 23122K [0x0000000084400000, 0x0000000100000000)
  region size 1024K, 2 young (2048K), 2 survivors (2048K)
 Metaspace       used 37660K, committed 38208K, reserved 1114112K
  class space    used 4417K, committed 4672K, reserved 1048576K
}
Event: 155.564 GC heap before
{Heap before GC invocations=14 (full 0):
 garbage-first heap   total 65536K, used 64082K [0x0000000084400000, 0x0000000100000000)
  region size 1024K, 19 young (19456K), 2 survivors (2048K)
 Metaspace       used 37746K, committed 38336K, reserved 1114112K
  class space    used 4418K, committed 4672K, reserved 1048576K
}
Event: 155.584 GC heap after
{Heap after GC invocations=15 (full 0):
 garbage-first heap   total 69632K, used 25403K [0x0000000084400000, 0x0000000100000000)
  region size 1024K, 3 young (3072K), 3 survivors (3072K)
 Metaspace       used 37746K, committed 38336K, reserved 1114112K
  class space    used 4418K, committed 4672K, reserved 1048576K
}
Event: 155.629 GC heap before
{Heap before GC invocations=15 (full 0):
 garbage-first heap   total 69632K, used 33595K [0x0000000084400000, 0x0000000100000000)
  region size 1024K, 4 young (4096K), 3 survivors (3072K)
 Metaspace       used 37746K, committed 38336K, reserved 1114112K
  class space    used 4418K, committed 4672K, reserved 1048576K
}
Event: 155.635 GC heap after
{Heap after GC invocations=16 (full 0):
 garbage-first heap   total 69632K, used 29736K [0x0000000084400000, 0x0000000100000000)
  region size 1024K, 2 young (2048K), 2 survivors (2048K)
 Metaspace       used 37746K, committed 38336K, reserved 1114112K
  class space    used 4418K, committed 4672K, reserved 1048576K
}
Event: 155.637 GC heap before
{Heap before GC invocations=16 (full 0):
 garbage-first heap   total 69632K, used 31784K [0x0000000084400000, 0x0000000100000000)
  region size 1024K, 2 young (2048K), 2 survivors (2048K)
 Metaspace       used 37746K, committed 38336K, reserved 1114112K
  class space    used 4418K, committed 4672K, reserved 1048576K
}
Event: 155.639 GC heap after
{Heap after GC invocations=17 (full 0):
 garbage-first heap   total 69632K, used 28648K [0x0000000084400000, 0x0000000100000000)
  region size 1024K, 2 young (2048K), 2 survivors (2048K)
 Metaspace       used 37746K, committed 38336K, reserved 1114112K
  class space    used 4418K, committed 4672K, reserved 1048576K
}
Event: 155.663 GC heap before
{Heap before GC invocations=17 (full 0):
 garbage-first heap   total 69632K, used 31720K [0x0000000084400000, 0x0000000100000000)
  region size 1024K, 3 young (3072K), 2 survivors (2048K)
 Metaspace       used 37746K, committed 38336K, reserved 1114112K
  class space    used 4418K, committed 4672K, reserved 1048576K
}
Event: 155.667 GC heap after
{Heap after GC invocations=18 (full 0):
 garbage-first heap   total 155648K, used 29765K [0x0000000084400000, 0x0000000100000000)
  region size 1024K, 2 young (2048K), 2 survivors (2048K)
 Metaspace       used 37746K, committed 38336K, reserved 1114112K
  class space    used 4418K, committed 4672K, reserved 1048576K
}
Event: 166.447 GC heap before
{Heap before GC invocations=18 (full 0):
 garbage-first heap   total 155648K, used 76869K [0x0000000084400000, 0x0000000100000000)
  region size 1024K, 9 young (9216K), 2 survivors (2048K)
 Metaspace       used 37789K, committed 38336K, reserved 1114112K
  class space    used 4420K, committed 4672K, reserved 1048576K
}
Event: 166.453 GC heap after
{Heap after GC invocations=19 (full 0):
 garbage-first heap   total 155648K, used 29899K [0x0000000084400000, 0x0000000100000000)
  region size 1024K, 2 young (2048K), 2 survivors (2048K)
 Metaspace       used 37789K, committed 38336K, reserved 1114112K
  class space    used 4420K, committed 4672K, reserved 1048576K
}
Event: 180.844 GC heap before
{Heap before GC invocations=19 (full 0):
 garbage-first heap   total 155648K, used 80075K [0x0000000084400000, 0x0000000100000000)
  region size 1024K, 12 young (12288K), 2 survivors (2048K)
 Metaspace       used 37818K, committed 38400K, reserved 1114112K
  class space    used 4420K, committed 4672K, reserved 1048576K
}
Event: 180.850 GC heap after
{Heap after GC invocations=20 (full 0):
 garbage-first heap   total 155648K, used 35084K [0x0000000084400000, 0x0000000100000000)
  region size 1024K, 2 young (2048K), 2 survivors (2048K)
 Metaspace       used 37818K, committed 38400K, reserved 1114112K
  class space    used 4420K, committed 4672K, reserved 1048576K
}
Event: 182.119 GC heap before
{Heap before GC invocations=20 (full 0):
 garbage-first heap   total 155648K, used 71948K [0x0000000084400000, 0x0000000100000000)
  region size 1024K, 6 young (6144K), 2 survivors (2048K)
 Metaspace       used 37818K, committed 38400K, reserved 1114112K
  class space    used 4420K, committed 4672K, reserved 1048576K
}
Event: 182.123 GC heap after
{Heap after GC invocations=21 (full 0):
 garbage-first heap   total 155648K, used 37158K [0x0000000084400000, 0x0000000100000000)
  region size 1024K, 2 young (2048K), 2 survivors (2048K)
 Metaspace       used 37818K, committed 38400K, reserved 1114112K
  class space    used 4420K, committed 4672K, reserved 1048576K
}
Event: 300.915 GC heap before
{Heap before GC invocations=21 (full 0):
 garbage-first heap   total 155648K, used 120102K [0x0000000084400000, 0x0000000100000000)
  region size 1024K, 51 young (52224K), 2 survivors (2048K)
 Metaspace       used 38019K, committed 38592K, reserved 1114112K
  class space    used 4431K, committed 4672K, reserved 1048576K
}
Event: 300.983 GC heap after
{Heap after GC invocations=22 (full 0):
 garbage-first heap   total 155648K, used 41184K [0x0000000084400000, 0x0000000100000000)
  region size 1024K, 3 young (3072K), 3 survivors (3072K)
 Metaspace       used 38019K, committed 38592K, reserved 1114112K
  class space    used 4431K, committed 4672K, reserved 1048576K
}
Event: 301.317 GC heap before
{Heap before GC invocations=22 (full 0):
 garbage-first heap   total 155648K, used 74976K [0x0000000084400000, 0x0000000100000000)
  region size 1024K, 7 young (7168K), 3 survivors (3072K)
 Metaspace       used 38019K, committed 38592K, reserved 1114112K
  class space    used 4431K, committed 4672K, reserved 1048576K
}
Event: 301.323 GC heap after
{Heap after GC invocations=23 (full 0):
 garbage-first heap   total 155648K, used 39200K [0x0000000084400000, 0x0000000100000000)
  region size 1024K, 3 young (3072K), 3 survivors (3072K)
 Metaspace       used 38019K, committed 38592K, reserved 1114112K
  class space    used 4431K, committed 4672K, reserved 1048576K
}

