<?xml version="1.0" encoding="UTF-8"?>
<!-- Generated by org.testng.reporters.JUnitXMLReporter -->
<testsuite ignored="0" hostname="SHREETAMA" failures="2" tests="12" name="Test" time="166.067" errors="0" timestamp="2025-07-30T17:28:46 IST">
  <testcase classname="io.cucumber.testng.AbstractTestNGCucumberTests" name="runScenario" time="7.027"/>
  <testcase classname="io.cucumber.testng.AbstractTestNGCucumberTests" name="runScenario" time="5.318"/>
  <testcase classname="io.cucumber.testng.AbstractTestNGCucumberTests" name="runScenario" time="8.837"/>
  <testcase classname="io.cucumber.testng.AbstractTestNGCucumberTests" name="runScenario" time="7.835"/>
  <testcase classname="io.cucumber.testng.AbstractTestNGCucumberTests" name="runScenario" time="9.85"/>
  <testcase classname="io.cucumber.testng.AbstractTestNGCucumberTests" name="runScenario" time="9.888"/>
  <testcase classname="io.cucumber.testng.AbstractTestNGCucumberTests" name="runScenario" time="10.022"/>
  <testcase classname="io.cucumber.testng.AbstractTestNGCucumberTests" name="runScenario" time="16.109"/>
  <testcase classname="io.cucumber.testng.AbstractTestNGCucumberTests" name="runScenario" time="16.887"/>
  <testcase classname="io.cucumber.testng.AbstractTestNGCucumberTests" name="runScenario" time="16.467">
    <failure type="java.lang.AssertionError" message="Card number field is not reset expected [] but found [LCN_004]">
      <![CDATA[java.lang.AssertionError: Card number field is not reset expected [] but found [LCN_004]
at com.LibraryManagement.cucumber.stepDefinition.MembershipSteps.verifyFieldReset(MembershipSteps.java:151)
at ✽.Card number field should be reset(file:///D:/New_Script/Sprint-2/Sprint_2/src/test/java/com/LibraryManagement/cucumber/features/MemberShip.feature:88)
... Removed 5 stack frames]]>
    </failure>
  </testcase> <!-- runScenario -->
  <testcase classname="io.cucumber.testng.AbstractTestNGCucumberTests" name="runScenario" time="33.899">
    <failure type="java.lang.AssertionError" message="expected [true] but found [false]">
      <![CDATA[java.lang.AssertionError: expected [true] but found [false]
at com.LibraryManagement.cucumber.stepDefinition.MembershipSteps.duplicateErrorMessage(MembershipSteps.java:164)
at ✽.Error message should appear for duplicate number(file:///D:/New_Script/Sprint-2/Sprint_2/src/test/java/com/LibraryManagement/cucumber/features/MemberShip.feature:102)
... Removed 4 stack frames]]>
    </failure>
  </testcase> <!-- runScenario -->
  <testcase classname="io.cucumber.testng.AbstractTestNGCucumberTests" name="runScenario" time="19.16"/>
</testsuite> <!-- Test -->
