<?xml version="1.0" encoding="UTF-8"?>
<testng-results ignored="0" total="10" passed="7" failed="3" skipped="0">
  <reporter-output>
  </reporter-output>
  <suite started-at="2025-08-04T16:25:24 IST" name="Suite" finished-at="2025-08-04T16:26:45 IST" duration-ms="81544">
    <groups>
      <group name="cucumber">
        <method signature="AbstractTestNGCucumberTests.runScenario(io.cucumber.testng.PickleWrapper,io.cucumber.testng.FeatureWrapper)[pri:0, instance:com.LibraryManagement.cucumber.Runner.RunnerTest@3bf9ce3e]" name="runScenario" class="io.cucumber.testng.AbstractTestNGCucumberTests"/>
      </group> <!-- cucumber -->
    </groups>
    <test started-at="2025-08-04T16:25:24 IST" name="Test" finished-at="2025-08-04T16:26:45 IST" duration-ms="81544">
      <class name="com.LibraryManagement.cucumber.Runner.RunnerTest">
        <test-method is-config="true" signature="setUpClass(org.testng.ITestContext)[pri:0, instance:com.LibraryManagement.cucumber.Runner.RunnerTest@3bf9ce3e]" started-at="2025-08-04T16:25:24 IST" name="setUpClass" finished-at="2025-08-04T16:25:24 IST" duration-ms="603" status="PASS">
          <params>
            <param index="0">
              <value>
                <![CDATA[org.testng.TestRunner@58cbafc2]]>
              </value>
            </param>
          </params>
          <reporter-output>
          </reporter-output>
        </test-method> <!-- setUpClass -->
        <test-method signature="runScenario(io.cucumber.testng.PickleWrapper,io.cucumber.testng.FeatureWrapper)[pri:0, instance:com.LibraryManagement.cucumber.Runner.RunnerTest@3bf9ce3e]" started-at="2025-08-04T16:25:24 IST" name="runScenario" description="Runs Cucumber Scenarios" data-provider="scenarios" finished-at="2025-08-04T16:25:29 IST" duration-ms="4769" status="PASS">
          <params>
            <param index="0">
              <value>
                <![CDATA["Validate only one option selection in service page"]]>
              </value>
            </param>
            <param index="1">
              <value>
                <![CDATA["Contact and Query resolving services"]]>
              </value>
            </param>
          </params>
          <reporter-output>
          </reporter-output>
        </test-method> <!-- runScenario -->
        <test-method signature="runScenario(io.cucumber.testng.PickleWrapper,io.cucumber.testng.FeatureWrapper)[pri:0, instance:com.LibraryManagement.cucumber.Runner.RunnerTest@3bf9ce3e]" started-at="2025-08-04T16:25:29 IST" name="runScenario" description="Runs Cucumber Scenarios" data-provider="scenarios" finished-at="2025-08-04T16:25:37 IST" duration-ms="8249" status="PASS">
          <params>
            <param index="0">
              <value>
                <![CDATA["Validate Email option with different email inputs"]]>
              </value>
            </param>
            <param index="1">
              <value>
                <![CDATA["Contact and Query resolving services"]]>
              </value>
            </param>
          </params>
          <reporter-output>
          </reporter-output>
        </test-method> <!-- runScenario -->
        <test-method signature="runScenario(io.cucumber.testng.PickleWrapper,io.cucumber.testng.FeatureWrapper)[pri:0, instance:com.LibraryManagement.cucumber.Runner.RunnerTest@3bf9ce3e]" started-at="2025-08-04T16:25:37 IST" name="runScenario" description="Runs Cucumber Scenarios" data-provider="scenarios" finished-at="2025-08-04T16:25:46 IST" duration-ms="8306" status="FAIL">
          <params>
            <param index="0">
              <value>
                <![CDATA["Validate Email option with invalid email id"]]>
              </value>
            </param>
            <param index="1">
              <value>
                <![CDATA["Contact and Query resolving services"]]>
              </value>
            </param>
          </params>
          <exception class="org.junit.ComparisonFailure">
            <message>
              <![CDATA[expected:<[Invalid email message not displayed]> but was:<[Mail Sent Successfully]>]]>
            </message>
            <full-stacktrace>
              <![CDATA[org.junit.ComparisonFailure: expected:<[Invalid email message not displayed]> but was:<[Mail Sent Successfully]>
at org.junit.Assert.assertEquals(Assert.java:117)
at org.junit.Assert.assertEquals(Assert.java:146)
at com.LibraryManagement.cucumber.stepDefinition.ServiceSteps.verifyInvalidEmailMessage(ServiceSteps.java:78)
at ✽.I should see an error message for invalid email(file:///C:/Users/manna/git/Sprint-2/Sprint_2/src/test/java/com/LibraryManagement/cucumber/features/servicePage.feature:35)
]]>
            </full-stacktrace>
          </exception> <!-- org.junit.ComparisonFailure -->
          <reporter-output>
          </reporter-output>
        </test-method> <!-- runScenario -->
        <test-method signature="runScenario(io.cucumber.testng.PickleWrapper,io.cucumber.testng.FeatureWrapper)[pri:0, instance:com.LibraryManagement.cucumber.Runner.RunnerTest@3bf9ce3e]" started-at="2025-08-04T16:25:46 IST" name="runScenario" description="Runs Cucumber Scenarios" data-provider="scenarios" finished-at="2025-08-04T16:25:54 IST" duration-ms="8076" status="PASS">
          <params>
            <param index="0">
              <value>
                <![CDATA["Validate Email option with blank email id"]]>
              </value>
            </param>
            <param index="1">
              <value>
                <![CDATA["Contact and Query resolving services"]]>
              </value>
            </param>
          </params>
          <reporter-output>
          </reporter-output>
        </test-method> <!-- runScenario -->
        <test-method signature="runScenario(io.cucumber.testng.PickleWrapper,io.cucumber.testng.FeatureWrapper)[pri:0, instance:com.LibraryManagement.cucumber.Runner.RunnerTest@3bf9ce3e]" started-at="2025-08-04T16:25:54 IST" name="runScenario" description="Runs Cucumber Scenarios" data-provider="scenarios" finished-at="2025-08-04T16:26:02 IST" duration-ms="8158" status="PASS">
          <params>
            <param index="0">
              <value>
                <![CDATA["Validate Chat section with valid phone number"]]>
              </value>
            </param>
            <param index="1">
              <value>
                <![CDATA["Contact and Query resolving services"]]>
              </value>
            </param>
          </params>
          <reporter-output>
          </reporter-output>
        </test-method> <!-- runScenario -->
        <test-method signature="runScenario(io.cucumber.testng.PickleWrapper,io.cucumber.testng.FeatureWrapper)[pri:0, instance:com.LibraryManagement.cucumber.Runner.RunnerTest@3bf9ce3e]" started-at="2025-08-04T16:26:02 IST" name="runScenario" description="Runs Cucumber Scenarios" data-provider="scenarios" finished-at="2025-08-04T16:26:10 IST" duration-ms="8568" status="FAIL">
          <params>
            <param index="0">
              <value>
                <![CDATA["Validate Chat section with invalid phone number"]]>
              </value>
            </param>
            <param index="1">
              <value>
                <![CDATA["Contact and Query resolving services"]]>
              </value>
            </param>
          </params>
          <exception class="org.junit.ComparisonFailure">
            <message>
              <![CDATA[expected:<[Invalid phone message not displayed]> but was:<[Message Sent Successfully]>]]>
            </message>
            <full-stacktrace>
              <![CDATA[org.junit.ComparisonFailure: expected:<[Invalid phone message not displayed]> but was:<[Message Sent Successfully]>
at org.junit.Assert.assertEquals(Assert.java:117)
at org.junit.Assert.assertEquals(Assert.java:146)
at com.LibraryManagement.cucumber.stepDefinition.ServiceSteps.verifyInvalidPhoneMessage(ServiceSteps.java:93)
at ✽.I should see an error message for invalid phone(file:///C:/Users/manna/git/Sprint-2/Sprint_2/src/test/java/com/LibraryManagement/cucumber/features/servicePage.feature:65)
]]>
            </full-stacktrace>
          </exception> <!-- org.junit.ComparisonFailure -->
          <reporter-output>
          </reporter-output>
        </test-method> <!-- runScenario -->
        <test-method signature="runScenario(io.cucumber.testng.PickleWrapper,io.cucumber.testng.FeatureWrapper)[pri:0, instance:com.LibraryManagement.cucumber.Runner.RunnerTest@3bf9ce3e]" started-at="2025-08-04T16:26:10 IST" name="runScenario" description="Runs Cucumber Scenarios" data-provider="scenarios" finished-at="2025-08-04T16:26:19 IST" duration-ms="8568" status="PASS">
          <params>
            <param index="0">
              <value>
                <![CDATA["Validate Chat section with blank phone number"]]>
              </value>
            </param>
            <param index="1">
              <value>
                <![CDATA["Contact and Query resolving services"]]>
              </value>
            </param>
          </params>
          <reporter-output>
          </reporter-output>
        </test-method> <!-- runScenario -->
        <test-method signature="runScenario(io.cucumber.testng.PickleWrapper,io.cucumber.testng.FeatureWrapper)[pri:0, instance:com.LibraryManagement.cucumber.Runner.RunnerTest@3bf9ce3e]" started-at="2025-08-04T16:26:19 IST" name="runScenario" description="Runs Cucumber Scenarios" data-provider="scenarios" finished-at="2025-08-04T16:26:27 IST" duration-ms="8429" status="PASS">
          <params>
            <param index="0">
              <value>
                <![CDATA["Validate Chat section with valid name"]]>
              </value>
            </param>
            <param index="1">
              <value>
                <![CDATA["Contact and Query resolving services"]]>
              </value>
            </param>
          </params>
          <reporter-output>
          </reporter-output>
        </test-method> <!-- runScenario -->
        <test-method signature="runScenario(io.cucumber.testng.PickleWrapper,io.cucumber.testng.FeatureWrapper)[pri:0, instance:com.LibraryManagement.cucumber.Runner.RunnerTest@3bf9ce3e]" started-at="2025-08-04T16:26:27 IST" name="runScenario" description="Runs Cucumber Scenarios" data-provider="scenarios" finished-at="2025-08-04T16:26:36 IST" duration-ms="8710" status="FAIL">
          <params>
            <param index="0">
              <value>
                <![CDATA["Validate Chat section with invalid name"]]>
              </value>
            </param>
            <param index="1">
              <value>
                <![CDATA["Contact and Query resolving services"]]>
              </value>
            </param>
          </params>
          <exception class="org.junit.ComparisonFailure">
            <message>
              <![CDATA[expected:<[Invalid name message not displayed]> but was:<[Message Sent Successfully]>]]>
            </message>
            <full-stacktrace>
              <![CDATA[org.junit.ComparisonFailure: expected:<[Invalid name message not displayed]> but was:<[Message Sent Successfully]>
at org.junit.Assert.assertEquals(Assert.java:117)
at org.junit.Assert.assertEquals(Assert.java:146)
at com.LibraryManagement.cucumber.stepDefinition.ServiceSteps.verifyInvalidNameMessage(ServiceSteps.java:108)
at ✽.I should see an error message for invalid name(file:///C:/Users/manna/git/Sprint-2/Sprint_2/src/test/java/com/LibraryManagement/cucumber/features/servicePage.feature:95)
]]>
            </full-stacktrace>
          </exception> <!-- org.junit.ComparisonFailure -->
          <reporter-output>
          </reporter-output>
        </test-method> <!-- runScenario -->
        <test-method signature="runScenario(io.cucumber.testng.PickleWrapper,io.cucumber.testng.FeatureWrapper)[pri:0, instance:com.LibraryManagement.cucumber.Runner.RunnerTest@3bf9ce3e]" started-at="2025-08-04T16:26:36 IST" name="runScenario" description="Runs Cucumber Scenarios" data-provider="scenarios" finished-at="2025-08-04T16:26:45 IST" duration-ms="8539" status="PASS">
          <params>
            <param index="0">
              <value>
                <![CDATA["Validate Chat section with blank name"]]>
              </value>
            </param>
            <param index="1">
              <value>
                <![CDATA["Contact and Query resolving services"]]>
              </value>
            </param>
          </params>
          <reporter-output>
          </reporter-output>
        </test-method> <!-- runScenario -->
        <test-method is-config="true" signature="tearDownClass()[pri:0, instance:com.LibraryManagement.cucumber.Runner.RunnerTest@3bf9ce3e]" started-at="2025-08-04T16:26:45 IST" name="tearDownClass" finished-at="2025-08-04T16:26:45 IST" duration-ms="504" status="PASS">
          <reporter-output>
          </reporter-output>
        </test-method> <!-- tearDownClass -->
      </class> <!-- com.LibraryManagement.cucumber.Runner.RunnerTest -->
    </test> <!-- Test -->
  </suite> <!-- Suite -->
</testng-results>
