<?xml version="1.0" encoding="UTF-8"?>
<testng-results ignored="0" total="30" passed="20" failed="10" skipped="0">
  <reporter-output>
  </reporter-output>
  <suite started-at="2025-07-29T17:37:42 IST" name="Default suite" finished-at="2025-07-29T17:44:14 IST" duration-ms="392515">
    <groups>
      <group name="cucumber">
        <method signature="AbstractTestNGCucumberTests.runScenario(io.cucumber.testng.PickleWrapper,io.cucumber.testng.FeatureWrapper)[pri:0, instance:com.LibraryManagement.cucumber.Runner.RunnerTest@101952da]" name="runScenario" class="io.cucumber.testng.AbstractTestNGCucumberTests"/>
      </group> <!-- cucumber -->
    </groups>
    <test started-at="2025-07-29T17:37:42 IST" name="Default test" finished-at="2025-07-29T17:44:14 IST" duration-ms="392515">
      <class name="com.LibraryManagement.cucumber.Runner.RunnerTest">
        <test-method is-config="true" signature="setUpClass(org.testng.ITestContext)[pri:0, instance:com.LibraryManagement.cucumber.Runner.RunnerTest@101952da]" started-at="2025-07-29T17:37:42 IST" name="setUpClass" finished-at="2025-07-29T17:37:42 IST" duration-ms="207" status="PASS">
          <params>
            <param index="0">
              <value>
                <![CDATA[org.testng.TestRunner@422ba9b7]]>
              </value>
            </param>
          </params>
          <reporter-output>
          </reporter-output>
        </test-method> <!-- setUpClass -->
        <test-method signature="runScenario(io.cucumber.testng.PickleWrapper,io.cucumber.testng.FeatureWrapper)[pri:0, instance:com.LibraryManagement.cucumber.Runner.RunnerTest@101952da]" started-at="2025-07-29T17:37:42 IST" name="runScenario" description="Runs Cucumber Scenarios" data-provider="scenarios" finished-at="2025-07-29T17:37:48 IST" duration-ms="6094" status="PASS">
          <params>
            <param index="0">
              <value>
                <![CDATA["TCSH001 - Validate Available Book Displayed On Search"]]>
              </value>
            </param>
            <param index="1">
              <value>
                <![CDATA["Advanced Search of Book by Multiple Filters"]]>
              </value>
            </param>
          </params>
          <reporter-output>
          </reporter-output>
        </test-method> <!-- runScenario -->
        <test-method signature="runScenario(io.cucumber.testng.PickleWrapper,io.cucumber.testng.FeatureWrapper)[pri:0, instance:com.LibraryManagement.cucumber.Runner.RunnerTest@101952da]" started-at="2025-07-29T17:37:48 IST" name="runScenario" description="Runs Cucumber Scenarios" data-provider="scenarios" finished-at="2025-07-29T17:37:52 IST" duration-ms="4276" status="PASS">
          <params>
            <param index="0">
              <value>
                <![CDATA["TCSH002 - Validate All Mandatory Fields"]]>
              </value>
            </param>
            <param index="1">
              <value>
                <![CDATA["Advanced Search of Book by Multiple Filters"]]>
              </value>
            </param>
          </params>
          <reporter-output>
          </reporter-output>
        </test-method> <!-- runScenario -->
        <test-method signature="runScenario(io.cucumber.testng.PickleWrapper,io.cucumber.testng.FeatureWrapper)[pri:0, instance:com.LibraryManagement.cucumber.Runner.RunnerTest@101952da]" started-at="2025-07-29T17:37:52 IST" name="runScenario" description="Runs Cucumber Scenarios" data-provider="scenarios" finished-at="2025-07-29T17:37:57 IST" duration-ms="4808" status="PASS">
          <params>
            <param index="0">
              <value>
                <![CDATA["TCSH003 - Validate All Details of the Searched Book Displayed"]]>
              </value>
            </param>
            <param index="1">
              <value>
                <![CDATA["Advanced Search of Book by Multiple Filters"]]>
              </value>
            </param>
          </params>
          <reporter-output>
          </reporter-output>
        </test-method> <!-- runScenario -->
        <test-method signature="runScenario(io.cucumber.testng.PickleWrapper,io.cucumber.testng.FeatureWrapper)[pri:0, instance:com.LibraryManagement.cucumber.Runner.RunnerTest@101952da]" started-at="2025-07-29T17:37:57 IST" name="runScenario" description="Runs Cucumber Scenarios" data-provider="scenarios" finished-at="2025-07-29T17:38:07 IST" duration-ms="9994" status="FAIL">
          <params>
            <param index="0">
              <value>
                <![CDATA["TCSH004 - Validate Error Message For Searching Non Existent Book"]]>
              </value>
            </param>
            <param index="1">
              <value>
                <![CDATA["Advanced Search of Book by Multiple Filters"]]>
              </value>
            </param>
          </params>
          <exception class="java.lang.AssertionError">
            <message>
              <![CDATA[=====Test failed: No new elements appeared after form submission.=====]]>
            </message>
            <full-stacktrace>
              <![CDATA[java.lang.AssertionError: =====Test failed: No new elements appeared after form submission.=====
at com.LibraryManagement.cucumber.stepDefinition.AdvancedBookSearchSteps.i_should_see_no_results_error(AdvancedBookSearchSteps.java:90)
at ✽.I should see an appropriate error message indicating no results found(file:///C:/Users/manna/git/Sprint-2/Sprint_2/src/test/java/com/LibraryManagement/cucumber/features/AdvancedBookSearch.feature:42)
]]>
            </full-stacktrace>
          </exception> <!-- java.lang.AssertionError -->
          <reporter-output>
          </reporter-output>
        </test-method> <!-- runScenario -->
        <test-method signature="runScenario(io.cucumber.testng.PickleWrapper,io.cucumber.testng.FeatureWrapper)[pri:0, instance:com.LibraryManagement.cucumber.Runner.RunnerTest@101952da]" started-at="2025-07-29T17:38:07 IST" name="runScenario" description="Runs Cucumber Scenarios" data-provider="scenarios" finished-at="2025-07-29T17:38:17 IST" duration-ms="9675" status="FAIL">
          <params>
            <param index="0">
              <value>
                <![CDATA["TCSH005 - Validate Books By Selected Author Displayed In Search"]]>
              </value>
            </param>
            <param index="1">
              <value>
                <![CDATA["Advanced Search of Book by Multiple Filters"]]>
              </value>
            </param>
          </params>
          <exception class="java.lang.AssertionError">
            <message>
              <![CDATA[expected [true] but found [false]]]>
            </message>
            <full-stacktrace>
              <![CDATA[java.lang.AssertionError: expected [true] but found [false]
at org.testng.Assert.fail(Assert.java:111)
at org.testng.Assert.failNotEquals(Assert.java:1578)
at org.testng.Assert.assertTrue(Assert.java:57)
at org.testng.Assert.assertTrue(Assert.java:67)
at com.LibraryManagement.cucumber.stepDefinition.AdvancedBookSearchSteps.i_should_see_books_by_author(AdvancedBookSearchSteps.java:96)
at ✽.I should see a table containing details of all the available books by the selected author(file:///C:/Users/manna/git/Sprint-2/Sprint_2/src/test/java/com/LibraryManagement/cucumber/features/AdvancedBookSearch.feature:49)
]]>
            </full-stacktrace>
          </exception> <!-- java.lang.AssertionError -->
          <reporter-output>
          </reporter-output>
        </test-method> <!-- runScenario -->
        <test-method signature="runScenario(io.cucumber.testng.PickleWrapper,io.cucumber.testng.FeatureWrapper)[pri:0, instance:com.LibraryManagement.cucumber.Runner.RunnerTest@101952da]" started-at="2025-07-29T17:38:17 IST" name="runScenario" description="Runs Cucumber Scenarios" data-provider="scenarios" finished-at="2025-07-29T17:38:27 IST" duration-ms="10639" status="FAIL">
          <params>
            <param index="0">
              <value>
                <![CDATA["TCSH006 - Validate Books By Selected Subject Displayed In Search"]]>
              </value>
            </param>
            <param index="1">
              <value>
                <![CDATA["Advanced Search of Book by Multiple Filters"]]>
              </value>
            </param>
          </params>
          <exception class="java.lang.AssertionError">
            <message>
              <![CDATA[expected [true] but found [false]]]>
            </message>
            <full-stacktrace>
              <![CDATA[java.lang.AssertionError: expected [true] but found [false]
at org.testng.Assert.fail(Assert.java:111)
at org.testng.Assert.failNotEquals(Assert.java:1578)
at org.testng.Assert.assertTrue(Assert.java:57)
at org.testng.Assert.assertTrue(Assert.java:67)
at com.LibraryManagement.cucumber.stepDefinition.AdvancedBookSearchSteps.i_should_see_books_by_subject(AdvancedBookSearchSteps.java:101)
at ✽.I should see a table containing details of all the available books of the selected subject(file:///C:/Users/manna/git/Sprint-2/Sprint_2/src/test/java/com/LibraryManagement/cucumber/features/AdvancedBookSearch.feature:56)
]]>
            </full-stacktrace>
          </exception> <!-- java.lang.AssertionError -->
          <reporter-output>
          </reporter-output>
        </test-method> <!-- runScenario -->
        <test-method signature="runScenario(io.cucumber.testng.PickleWrapper,io.cucumber.testng.FeatureWrapper)[pri:0, instance:com.LibraryManagement.cucumber.Runner.RunnerTest@101952da]" started-at="2025-07-29T17:38:27 IST" name="runScenario" description="Runs Cucumber Scenarios" data-provider="scenarios" finished-at="2025-07-29T17:38:37 IST" duration-ms="9970" status="FAIL">
          <params>
            <param index="0">
              <value>
                <![CDATA["TCSH007 - Validate Books By Selected Book Format Displayed In Search"]]>
              </value>
            </param>
            <param index="1">
              <value>
                <![CDATA["Advanced Search of Book by Multiple Filters"]]>
              </value>
            </param>
          </params>
          <exception class="java.lang.AssertionError">
            <message>
              <![CDATA[expected [true] but found [false]]]>
            </message>
            <full-stacktrace>
              <![CDATA[java.lang.AssertionError: expected [true] but found [false]
at org.testng.Assert.fail(Assert.java:111)
at org.testng.Assert.failNotEquals(Assert.java:1578)
at org.testng.Assert.assertTrue(Assert.java:57)
at org.testng.Assert.assertTrue(Assert.java:67)
at com.LibraryManagement.cucumber.stepDefinition.AdvancedBookSearchSteps.i_should_see_books_by_format(AdvancedBookSearchSteps.java:106)
at ✽.I should see a table containing details of all the available books of the selected book format(file:///C:/Users/manna/git/Sprint-2/Sprint_2/src/test/java/com/LibraryManagement/cucumber/features/AdvancedBookSearch.feature:63)
]]>
            </full-stacktrace>
          </exception> <!-- java.lang.AssertionError -->
          <reporter-output>
          </reporter-output>
        </test-method> <!-- runScenario -->
        <test-method signature="runScenario(io.cucumber.testng.PickleWrapper,io.cucumber.testng.FeatureWrapper)[pri:0, instance:com.LibraryManagement.cucumber.Runner.RunnerTest@101952da]" started-at="2025-07-29T17:38:37 IST" name="runScenario" description="Runs Cucumber Scenarios" data-provider="scenarios" finished-at="2025-07-29T17:38:48 IST" duration-ms="10543" status="FAIL">
          <params>
            <param index="0">
              <value>
                <![CDATA["TCSH008 - Validate Books By Selected Age Group Displayed In Search"]]>
              </value>
            </param>
            <param index="1">
              <value>
                <![CDATA["Advanced Search of Book by Multiple Filters"]]>
              </value>
            </param>
          </params>
          <exception class="java.lang.AssertionError">
            <message>
              <![CDATA[expected [true] but found [false]]]>
            </message>
            <full-stacktrace>
              <![CDATA[java.lang.AssertionError: expected [true] but found [false]
at org.testng.Assert.fail(Assert.java:111)
at org.testng.Assert.failNotEquals(Assert.java:1578)
at org.testng.Assert.assertTrue(Assert.java:57)
at org.testng.Assert.assertTrue(Assert.java:67)
at com.LibraryManagement.cucumber.stepDefinition.AdvancedBookSearchSteps.i_should_see_books_by_age_group(AdvancedBookSearchSteps.java:111)
at ✽.I should see a table containing details of all the available books of the selected age group(file:///C:/Users/manna/git/Sprint-2/Sprint_2/src/test/java/com/LibraryManagement/cucumber/features/AdvancedBookSearch.feature:70)
]]>
            </full-stacktrace>
          </exception> <!-- java.lang.AssertionError -->
          <reporter-output>
          </reporter-output>
        </test-method> <!-- runScenario -->
        <test-method signature="runScenario(io.cucumber.testng.PickleWrapper,io.cucumber.testng.FeatureWrapper)[pri:0, instance:com.LibraryManagement.cucumber.Runner.RunnerTest@101952da]" started-at="2025-07-29T17:38:48 IST" name="runScenario" description="Runs Cucumber Scenarios" data-provider="scenarios" finished-at="2025-07-29T17:38:53 IST" duration-ms="4906" status="PASS">
          <params>
            <param index="0">
              <value>
                <![CDATA["Verify successful Human Verification via drag and drop"]]>
              </value>
            </param>
            <param index="1">
              <value>
                <![CDATA["Apply for Library Membership"]]>
              </value>
            </param>
          </params>
          <reporter-output>
          </reporter-output>
        </test-method> <!-- runScenario -->
        <test-method signature="runScenario(io.cucumber.testng.PickleWrapper,io.cucumber.testng.FeatureWrapper)[pri:0, instance:com.LibraryManagement.cucumber.Runner.RunnerTest@101952da]" started-at="2025-07-29T17:38:53 IST" name="runScenario" description="Runs Cucumber Scenarios" data-provider="scenarios" finished-at="2025-07-29T17:38:58 IST" duration-ms="5346" status="PASS">
          <params>
            <param index="0">
              <value>
                <![CDATA["Verify failed Human Verification with incorrect drop location"]]>
              </value>
            </param>
            <param index="1">
              <value>
                <![CDATA["Apply for Library Membership"]]>
              </value>
            </param>
          </params>
          <reporter-output>
          </reporter-output>
        </test-method> <!-- runScenario -->
        <test-method signature="runScenario(io.cucumber.testng.PickleWrapper,io.cucumber.testng.FeatureWrapper)[pri:0, instance:com.LibraryManagement.cucumber.Runner.RunnerTest@101952da]" started-at="2025-07-29T17:38:58 IST" name="runScenario" description="Runs Cucumber Scenarios" data-provider="scenarios" finished-at="2025-07-29T17:39:07 IST" duration-ms="8759" status="PASS">
          <params>
            <param index="0">
              <value>
                <![CDATA["Verify failed Human Verification with no drag-drop action"]]>
              </value>
            </param>
            <param index="1">
              <value>
                <![CDATA["Apply for Library Membership"]]>
              </value>
            </param>
          </params>
          <reporter-output>
          </reporter-output>
        </test-method> <!-- runScenario -->
        <test-method signature="runScenario(io.cucumber.testng.PickleWrapper,io.cucumber.testng.FeatureWrapper)[pri:0, instance:com.LibraryManagement.cucumber.Runner.RunnerTest@101952da]" started-at="2025-07-29T17:39:07 IST" name="runScenario" description="Runs Cucumber Scenarios" data-provider="scenarios" finished-at="2025-07-29T17:39:15 IST" duration-ms="7991" status="PASS">
          <params>
            <param index="0">
              <value>
                <![CDATA["Select Gold Membership and verify amount"]]>
              </value>
            </param>
            <param index="1">
              <value>
                <![CDATA["Apply for Library Membership"]]>
              </value>
            </param>
          </params>
          <reporter-output>
          </reporter-output>
        </test-method> <!-- runScenario -->
        <test-method signature="runScenario(io.cucumber.testng.PickleWrapper,io.cucumber.testng.FeatureWrapper)[pri:0, instance:com.LibraryManagement.cucumber.Runner.RunnerTest@101952da]" started-at="2025-07-29T17:39:15 IST" name="runScenario" description="Runs Cucumber Scenarios" data-provider="scenarios" finished-at="2025-07-29T17:39:26 IST" duration-ms="11457" status="PASS">
          <params>
            <param index="0">
              <value>
                <![CDATA["Select Platinum Membership and verify amount"]]>
              </value>
            </param>
            <param index="1">
              <value>
                <![CDATA["Apply for Library Membership"]]>
              </value>
            </param>
          </params>
          <reporter-output>
          </reporter-output>
        </test-method> <!-- runScenario -->
        <test-method signature="runScenario(io.cucumber.testng.PickleWrapper,io.cucumber.testng.FeatureWrapper)[pri:0, instance:com.LibraryManagement.cucumber.Runner.RunnerTest@101952da]" started-at="2025-07-29T17:39:26 IST" name="runScenario" description="Runs Cucumber Scenarios" data-provider="scenarios" finished-at="2025-07-29T17:40:10 IST" duration-ms="44023" status="PASS">
          <params>
            <param index="0">
              <value>
                <![CDATA["Submit form with Gold Membership and valid card"]]>
              </value>
            </param>
            <param index="1">
              <value>
                <![CDATA["Apply for Library Membership"]]>
              </value>
            </param>
          </params>
          <reporter-output>
          </reporter-output>
        </test-method> <!-- runScenario -->
        <test-method signature="runScenario(io.cucumber.testng.PickleWrapper,io.cucumber.testng.FeatureWrapper)[pri:0, instance:com.LibraryManagement.cucumber.Runner.RunnerTest@101952da]" started-at="2025-07-29T17:40:10 IST" name="runScenario" description="Runs Cucumber Scenarios" data-provider="scenarios" finished-at="2025-07-29T17:40:18 IST" duration-ms="7273" status="PASS">
          <params>
            <param index="0">
              <value>
                <![CDATA["Submit form with Platinum Membership and valid card"]]>
              </value>
            </param>
            <param index="1">
              <value>
                <![CDATA["Apply for Library Membership"]]>
              </value>
            </param>
          </params>
          <reporter-output>
          </reporter-output>
        </test-method> <!-- runScenario -->
        <test-method signature="runScenario(io.cucumber.testng.PickleWrapper,io.cucumber.testng.FeatureWrapper)[pri:0, instance:com.LibraryManagement.cucumber.Runner.RunnerTest@101952da]" started-at="2025-07-29T17:40:18 IST" name="runScenario" description="Runs Cucumber Scenarios" data-provider="scenarios" finished-at="2025-07-29T17:41:21 IST" duration-ms="63425" status="PASS">
          <params>
            <param index="0">
              <value>
                <![CDATA["Submit Gold Membership with empty card number"]]>
              </value>
            </param>
            <param index="1">
              <value>
                <![CDATA["Apply for Library Membership"]]>
              </value>
            </param>
          </params>
          <reporter-output>
          </reporter-output>
        </test-method> <!-- runScenario -->
        <test-method signature="runScenario(io.cucumber.testng.PickleWrapper,io.cucumber.testng.FeatureWrapper)[pri:0, instance:com.LibraryManagement.cucumber.Runner.RunnerTest@101952da]" started-at="2025-07-29T17:41:21 IST" name="runScenario" description="Runs Cucumber Scenarios" data-provider="scenarios" finished-at="2025-07-29T17:42:00 IST" duration-ms="38704" status="PASS">
          <params>
            <param index="0">
              <value>
                <![CDATA["Submit Platinum Membership with empty card number"]]>
              </value>
            </param>
            <param index="1">
              <value>
                <![CDATA["Apply for Library Membership"]]>
              </value>
            </param>
          </params>
          <reporter-output>
          </reporter-output>
        </test-method> <!-- runScenario -->
        <test-method signature="runScenario(io.cucumber.testng.PickleWrapper,io.cucumber.testng.FeatureWrapper)[pri:0, instance:com.LibraryManagement.cucumber.Runner.RunnerTest@101952da]" started-at="2025-07-29T17:42:00 IST" name="runScenario" description="Runs Cucumber Scenarios" data-provider="scenarios" finished-at="2025-07-29T17:42:05 IST" duration-ms="5109" status="FAIL">
          <params>
            <param index="0">
              <value>
                <![CDATA["Verify card number field resets after successful submission"]]>
              </value>
            </param>
            <param index="1">
              <value>
                <![CDATA["Apply for Library Membership"]]>
              </value>
            </param>
          </params>
          <exception class="java.lang.AssertionError">
            <message>
              <![CDATA[Card number field is not reset expected [] but found [LCN_004]]]>
            </message>
            <full-stacktrace>
              <![CDATA[java.lang.AssertionError: Card number field is not reset expected [] but found [LCN_004]
at org.testng.Assert.fail(Assert.java:111)
at org.testng.Assert.failNotEquals(Assert.java:1578)
at org.testng.Assert.assertEqualsImpl(Assert.java:150)
at org.testng.Assert.assertEquals(Assert.java:132)
at org.testng.Assert.assertEquals(Assert.java:656)
at com.LibraryManagement.cucumber.stepDefinition.MembershipSteps.verifyFieldReset(MembershipSteps.java:151)
at ✽.Card number field should be reset(file:///C:/Users/manna/git/Sprint-2/Sprint_2/src/test/java/com/LibraryManagement/cucumber/features/MemberShip.feature:88)
]]>
            </full-stacktrace>
          </exception> <!-- java.lang.AssertionError -->
          <reporter-output>
          </reporter-output>
        </test-method> <!-- runScenario -->
        <test-method signature="runScenario(io.cucumber.testng.PickleWrapper,io.cucumber.testng.FeatureWrapper)[pri:0, instance:com.LibraryManagement.cucumber.Runner.RunnerTest@101952da]" started-at="2025-07-29T17:42:05 IST" name="runScenario" description="Runs Cucumber Scenarios" data-provider="scenarios" finished-at="2025-07-29T17:42:11 IST" duration-ms="5573" status="FAIL">
          <params>
            <param index="0">
              <value>
                <![CDATA["Prevent reuse of card number for different memberships"]]>
              </value>
            </param>
            <param index="1">
              <value>
                <![CDATA["Apply for Library Membership"]]>
              </value>
            </param>
          </params>
          <exception class="java.lang.AssertionError">
            <message>
              <![CDATA[expected [true] but found [false]]]>
            </message>
            <full-stacktrace>
              <![CDATA[java.lang.AssertionError: expected [true] but found [false]
at org.testng.Assert.fail(Assert.java:111)
at org.testng.Assert.failNotEquals(Assert.java:1578)
at org.testng.Assert.assertTrue(Assert.java:57)
at org.testng.Assert.assertTrue(Assert.java:67)
at com.LibraryManagement.cucumber.stepDefinition.MembershipSteps.duplicateErrorMessage(MembershipSteps.java:164)
at ✽.Error message should appear for duplicate number(file:///C:/Users/manna/git/Sprint-2/Sprint_2/src/test/java/com/LibraryManagement/cucumber/features/MemberShip.feature:102)
]]>
            </full-stacktrace>
          </exception> <!-- java.lang.AssertionError -->
          <reporter-output>
          </reporter-output>
        </test-method> <!-- runScenario -->
        <test-method signature="runScenario(io.cucumber.testng.PickleWrapper,io.cucumber.testng.FeatureWrapper)[pri:0, instance:com.LibraryManagement.cucumber.Runner.RunnerTest@101952da]" started-at="2025-07-29T17:42:11 IST" name="runScenario" description="Runs Cucumber Scenarios" data-provider="scenarios" finished-at="2025-07-29T17:42:16 IST" duration-ms="4804" status="PASS">
          <params>
            <param index="0">
              <value>
                <![CDATA["View Members with Memberships"]]>
              </value>
            </param>
            <param index="1">
              <value>
                <![CDATA["Apply for Library Membership"]]>
              </value>
            </param>
          </params>
          <reporter-output>
          </reporter-output>
        </test-method> <!-- runScenario -->
        <test-method signature="runScenario(io.cucumber.testng.PickleWrapper,io.cucumber.testng.FeatureWrapper)[pri:0, instance:com.LibraryManagement.cucumber.Runner.RunnerTest@101952da]" started-at="2025-07-29T17:42:16 IST" name="runScenario" description="Runs Cucumber Scenarios" data-provider="scenarios" finished-at="2025-07-29T17:42:24 IST" duration-ms="8652" status="PASS">
          <params>
            <param index="0">
              <value>
                <![CDATA["Validate only one option selection in service page"]]>
              </value>
            </param>
            <param index="1">
              <value>
                <![CDATA["Contact and Query resolving services"]]>
              </value>
            </param>
          </params>
          <reporter-output>
          </reporter-output>
        </test-method> <!-- runScenario -->
        <test-method signature="runScenario(io.cucumber.testng.PickleWrapper,io.cucumber.testng.FeatureWrapper)[pri:0, instance:com.LibraryManagement.cucumber.Runner.RunnerTest@101952da]" started-at="2025-07-29T17:42:24 IST" name="runScenario" description="Runs Cucumber Scenarios" data-provider="scenarios" finished-at="2025-07-29T17:42:33 IST" duration-ms="8570" status="PASS">
          <params>
            <param index="0">
              <value>
                <![CDATA["Validate Email option with valid email id"]]>
              </value>
            </param>
            <param index="1">
              <value>
                <![CDATA["Contact and Query resolving services"]]>
              </value>
            </param>
          </params>
          <reporter-output>
          </reporter-output>
        </test-method> <!-- runScenario -->
        <test-method signature="runScenario(io.cucumber.testng.PickleWrapper,io.cucumber.testng.FeatureWrapper)[pri:0, instance:com.LibraryManagement.cucumber.Runner.RunnerTest@101952da]" started-at="2025-07-29T17:42:33 IST" name="runScenario" description="Runs Cucumber Scenarios" data-provider="scenarios" finished-at="2025-07-29T17:42:42 IST" duration-ms="8791" status="FAIL">
          <params>
            <param index="0">
              <value>
                <![CDATA["Validate Email option with invalid email id"]]>
              </value>
            </param>
            <param index="1">
              <value>
                <![CDATA["Contact and Query resolving services"]]>
              </value>
            </param>
          </params>
          <exception class="org.junit.ComparisonFailure">
            <message>
              <![CDATA[expected:<[Invalid email message not displayed]> but was:<[Mail Sent Successfully]>]]>
            </message>
            <full-stacktrace>
              <![CDATA[org.junit.ComparisonFailure: expected:<[Invalid email message not displayed]> but was:<[Mail Sent Successfully]>
at org.junit.Assert.assertEquals(Assert.java:117)
at org.junit.Assert.assertEquals(Assert.java:146)
at com.LibraryManagement.cucumber.stepDefinition.ServiceSteps.verifyInvalidEmailMessage(ServiceSteps.java:79)
at ✽.I should see an error message for invalid email(file:///C:/Users/manna/git/Sprint-2/Sprint_2/src/test/java/com/LibraryManagement/cucumber/features/servicePage.feature:31)
]]>
            </full-stacktrace>
          </exception> <!-- org.junit.ComparisonFailure -->
          <reporter-output>
          </reporter-output>
        </test-method> <!-- runScenario -->
        <test-method signature="runScenario(io.cucumber.testng.PickleWrapper,io.cucumber.testng.FeatureWrapper)[pri:0, instance:com.LibraryManagement.cucumber.Runner.RunnerTest@101952da]" started-at="2025-07-29T17:42:42 IST" name="runScenario" description="Runs Cucumber Scenarios" data-provider="scenarios" finished-at="2025-07-29T17:42:50 IST" duration-ms="8850" status="PASS">
          <params>
            <param index="0">
              <value>
                <![CDATA["Validate Email option with blank email id"]]>
              </value>
            </param>
            <param index="1">
              <value>
                <![CDATA["Contact and Query resolving services"]]>
              </value>
            </param>
          </params>
          <reporter-output>
          </reporter-output>
        </test-method> <!-- runScenario -->
        <test-method signature="runScenario(io.cucumber.testng.PickleWrapper,io.cucumber.testng.FeatureWrapper)[pri:0, instance:com.LibraryManagement.cucumber.Runner.RunnerTest@101952da]" started-at="2025-07-29T17:42:50 IST" name="runScenario" description="Runs Cucumber Scenarios" data-provider="scenarios" finished-at="2025-07-29T17:43:01 IST" duration-ms="10442" status="PASS">
          <params>
            <param index="0">
              <value>
                <![CDATA["Validate Chat section with valid phone number"]]>
              </value>
            </param>
            <param index="1">
              <value>
                <![CDATA["Contact and Query resolving services"]]>
              </value>
            </param>
          </params>
          <reporter-output>
          </reporter-output>
        </test-method> <!-- runScenario -->
        <test-method signature="runScenario(io.cucumber.testng.PickleWrapper,io.cucumber.testng.FeatureWrapper)[pri:0, instance:com.LibraryManagement.cucumber.Runner.RunnerTest@101952da]" started-at="2025-07-29T17:43:01 IST" name="runScenario" description="Runs Cucumber Scenarios" data-provider="scenarios" finished-at="2025-07-29T17:43:10 IST" duration-ms="9270" status="FAIL">
          <params>
            <param index="0">
              <value>
                <![CDATA["Validate Chat section with invalid phone number"]]>
              </value>
            </param>
            <param index="1">
              <value>
                <![CDATA["Contact and Query resolving services"]]>
              </value>
            </param>
          </params>
          <exception class="org.junit.ComparisonFailure">
            <message>
              <![CDATA[expected:<[Invalid phone message not displayed]> but was:<[Message Sent Successfully]>]]>
            </message>
            <full-stacktrace>
              <![CDATA[org.junit.ComparisonFailure: expected:<[Invalid phone message not displayed]> but was:<[Message Sent Successfully]>
at org.junit.Assert.assertEquals(Assert.java:117)
at org.junit.Assert.assertEquals(Assert.java:146)
at com.LibraryManagement.cucumber.stepDefinition.ServiceSteps.verifyInvalidPhoneMessage(ServiceSteps.java:94)
at ✽.I should see an error message for invalid phone(file:///C:/Users/manna/git/Sprint-2/Sprint_2/src/test/java/com/LibraryManagement/cucumber/features/servicePage.feature:60)
]]>
            </full-stacktrace>
          </exception> <!-- org.junit.ComparisonFailure -->
          <reporter-output>
          </reporter-output>
        </test-method> <!-- runScenario -->
        <test-method signature="runScenario(io.cucumber.testng.PickleWrapper,io.cucumber.testng.FeatureWrapper)[pri:0, instance:com.LibraryManagement.cucumber.Runner.RunnerTest@101952da]" started-at="2025-07-29T17:43:10 IST" name="runScenario" description="Runs Cucumber Scenarios" data-provider="scenarios" finished-at="2025-07-29T17:43:20 IST" duration-ms="10060" status="PASS">
          <params>
            <param index="0">
              <value>
                <![CDATA["Validate Chat section with blank phone number"]]>
              </value>
            </param>
            <param index="1">
              <value>
                <![CDATA["Contact and Query resolving services"]]>
              </value>
            </param>
          </params>
          <reporter-output>
          </reporter-output>
        </test-method> <!-- runScenario -->
        <test-method signature="runScenario(io.cucumber.testng.PickleWrapper,io.cucumber.testng.FeatureWrapper)[pri:0, instance:com.LibraryManagement.cucumber.Runner.RunnerTest@101952da]" started-at="2025-07-29T17:43:20 IST" name="runScenario" description="Runs Cucumber Scenarios" data-provider="scenarios" finished-at="2025-07-29T17:43:36 IST" duration-ms="15801" status="PASS">
          <params>
            <param index="0">
              <value>
                <![CDATA["Validate Chat section with valid name"]]>
              </value>
            </param>
            <param index="1">
              <value>
                <![CDATA["Contact and Query resolving services"]]>
              </value>
            </param>
          </params>
          <reporter-output>
          </reporter-output>
        </test-method> <!-- runScenario -->
        <test-method signature="runScenario(io.cucumber.testng.PickleWrapper,io.cucumber.testng.FeatureWrapper)[pri:0, instance:com.LibraryManagement.cucumber.Runner.RunnerTest@101952da]" started-at="2025-07-29T17:43:36 IST" name="runScenario" description="Runs Cucumber Scenarios" data-provider="scenarios" finished-at="2025-07-29T17:43:59 IST" duration-ms="23179" status="FAIL">
          <params>
            <param index="0">
              <value>
                <![CDATA["Validate Chat section with invalid name"]]>
              </value>
            </param>
            <param index="1">
              <value>
                <![CDATA["Contact and Query resolving services"]]>
              </value>
            </param>
          </params>
          <exception class="org.junit.ComparisonFailure">
            <message>
              <![CDATA[expected:<[Invalid name message not displayed]> but was:<[Message Sent Successfully]>]]>
            </message>
            <full-stacktrace>
              <![CDATA[org.junit.ComparisonFailure: expected:<[Invalid name message not displayed]> but was:<[Message Sent Successfully]>
at org.junit.Assert.assertEquals(Assert.java:117)
at org.junit.Assert.assertEquals(Assert.java:146)
at com.LibraryManagement.cucumber.stepDefinition.ServiceSteps.verifyInvalidNameMessage(ServiceSteps.java:109)
at ✽.I should see an error message for invalid name(file:///C:/Users/manna/git/Sprint-2/Sprint_2/src/test/java/com/LibraryManagement/cucumber/features/servicePage.feature:90)
]]>
            </full-stacktrace>
          </exception> <!-- org.junit.ComparisonFailure -->
          <reporter-output>
          </reporter-output>
        </test-method> <!-- runScenario -->
        <test-method signature="runScenario(io.cucumber.testng.PickleWrapper,io.cucumber.testng.FeatureWrapper)[pri:0, instance:com.LibraryManagement.cucumber.Runner.RunnerTest@101952da]" started-at="2025-07-29T17:43:59 IST" name="runScenario" description="Runs Cucumber Scenarios" data-provider="scenarios" finished-at="2025-07-29T17:44:12 IST" duration-ms="12564" status="PASS">
          <params>
            <param index="0">
              <value>
                <![CDATA["Validate Chat section with blank name"]]>
              </value>
            </param>
            <param index="1">
              <value>
                <![CDATA["Contact and Query resolving services"]]>
              </value>
            </param>
          </params>
          <reporter-output>
          </reporter-output>
        </test-method> <!-- runScenario -->
        <test-method is-config="true" signature="tearDownClass()[pri:0, instance:com.LibraryManagement.cucumber.Runner.RunnerTest@101952da]" started-at="2025-07-29T17:44:12 IST" name="tearDownClass" finished-at="2025-07-29T17:44:14 IST" duration-ms="1850" status="PASS">
          <reporter-output>
          </reporter-output>
        </test-method> <!-- tearDownClass -->
      </class> <!-- com.LibraryManagement.cucumber.Runner.RunnerTest -->
    </test> <!-- Default test -->
  </suite> <!-- Default suite -->
</testng-results>
