<?xml version="1.0" encoding="UTF-8"?>
<!-- Generated by org.testng.reporters.JUnitXMLReporter -->
<testsuite ignored="0" hostname="MSI" failures="3" tests="10" name="Default test" time="159.595" errors="0" timestamp="2025-07-24T16:36:59 IST">
  <testcase classname="io.cucumber.testng.AbstractTestNGCucumberTests" name="runScenario" time="7.341"/>
  <testcase classname="io.cucumber.testng.AbstractTestNGCucumberTests" name="runScenario" time="10.561"/>
  <testcase classname="io.cucumber.testng.AbstractTestNGCucumberTests" name="runScenario" time="10.746">
    <failure type="org.junit.ComparisonFailure" message="expected:&amp;lt;[Invalid email message not displayed]&amp;gt; but was:&amp;lt;[Mail Sent Successfully]&amp;gt;">
      <![CDATA[org.junit.ComparisonFailure: expected:<[Invalid email message not displayed]> but was:<[Mail Sent Successfully]>
at org.junit.Assert.assertEquals(Assert.java:117)
at org.junit.Assert.assertEquals(Assert.java:146)
at com.LibraryManagement.cucumber.stepDefinition.ServiceSteps.verifyInvalidEmailMessage(ServiceSteps.java:79)
at ✽.I should see an error message for invalid email(file:///C:/Users/manna/git/Sprint-2/Sprint_2/src/test/java/com/LibraryManagement/cucumber/features/servicePage.feature:31)
]]>
    </failure>
  </testcase> <!-- runScenario -->
  <testcase classname="io.cucumber.testng.AbstractTestNGCucumberTests" name="runScenario" time="10.547"/>
  <testcase classname="io.cucumber.testng.AbstractTestNGCucumberTests" name="runScenario" time="11.711"/>
  <testcase classname="io.cucumber.testng.AbstractTestNGCucumberTests" name="runScenario" time="41.704">
    <failure type="org.junit.ComparisonFailure" message="expected:&amp;lt;[Invalid phone message not displayed]&amp;gt; but was:&amp;lt;[Message Sent Successfully]&amp;gt;">
      <![CDATA[org.junit.ComparisonFailure: expected:<[Invalid phone message not displayed]> but was:<[Message Sent Successfully]>
at org.junit.Assert.assertEquals(Assert.java:117)
at org.junit.Assert.assertEquals(Assert.java:146)
at com.LibraryManagement.cucumber.stepDefinition.ServiceSteps.verifyInvalidPhoneMessage(ServiceSteps.java:94)
at ✽.I should see an error message for invalid phone(file:///C:/Users/manna/git/Sprint-2/Sprint_2/src/test/java/com/LibraryManagement/cucumber/features/servicePage.feature:60)
]]>
    </failure>
  </testcase> <!-- runScenario -->
  <testcase classname="io.cucumber.testng.AbstractTestNGCucumberTests" name="runScenario" time="17.034"/>
  <testcase classname="io.cucumber.testng.AbstractTestNGCucumberTests" name="runScenario" time="15.337"/>
  <testcase classname="io.cucumber.testng.AbstractTestNGCucumberTests" name="runScenario" time="11.992">
    <failure type="org.junit.ComparisonFailure" message="expected:&amp;lt;[Invalid name message not displayed]&amp;gt; but was:&amp;lt;[Message Sent Successfully]&amp;gt;">
      <![CDATA[org.junit.ComparisonFailure: expected:<[Invalid name message not displayed]> but was:<[Message Sent Successfully]>
at org.junit.Assert.assertEquals(Assert.java:117)
at org.junit.Assert.assertEquals(Assert.java:146)
at com.LibraryManagement.cucumber.stepDefinition.ServiceSteps.verifyInvalidNameMessage(ServiceSteps.java:109)
at ✽.I should see an error message for invalid name(file:///C:/Users/manna/git/Sprint-2/Sprint_2/src/test/java/com/LibraryManagement/cucumber/features/servicePage.feature:90)
]]>
    </failure>
  </testcase> <!-- runScenario -->
  <testcase classname="io.cucumber.testng.AbstractTestNGCucumberTests" name="runScenario" time="21.74"/>
</testsuite> <!-- Default test -->
